TN:
SF:script/DeployMockTokens.s.sol
DA:8,0
FN:8,DeployMockTokens.run
FNDA:0,DeployMockTokens.run
DA:9,0
DA:11,0
DA:12,0
DA:14,0
DA:15,0
DA:17,0
DA:22,0
FN:22,USDC.constructor.0
FNDA:0,USDC.constructor.0
DA:23,0
DA:26,0
FN:26,USDC.minttoken.0
FNDA:0,USDC.minttoken.0
DA:27,0
DA:30,0
FN:30,USDC.decimals.0
FNDA:0,USDC.decimals.0
DA:31,0
DA:36,0
FN:36,WBTC.constructor.1
FNDA:0,WBTC.constructor.1
DA:37,0
DA:40,0
FN:40,WBTC.minttoken.1
FNDA:0,WBTC.minttoken.1
DA:41,0
DA:44,0
FN:44,WBTC.decimals.1
FNDA:0,WBTC.decimals.1
DA:45,0
FNF:7
FNH:0
LF:19
LH:0
BRF:0
BRH:0
end_of_record
TN:
SF:script/DeployRegistry.s.sol
DA:8,0
FN:8,DeploySwapRegistry.run
FNDA:0,DeploySwapRegistry.run
DA:9,0
DA:13,0
DA:15,0
DA:17,0
FNF:1
FNH:0
LF:5
LH:0
BRF:0
BRH:0
end_of_record
TN:
SF:src/SwapRegistry.sol
DA:31,12
FN:31,SwapRegistry.constructor
FNDA:12,SwapRegistry.constructor
DA:32,12
DA:35,18
FN:35,SwapRegistry.safeParams
FNDA:18,SwapRegistry.safeParams
DA:36,18
BRDA:36,0,0,-
BRDA:36,0,1,13
DA:40,15
BRDA:40,1,0,-
BRDA:40,1,1,13
DA:41,14
BRDA:41,2,0,-
BRDA:41,2,1,13
DA:47,30
FN:47,SwapRegistry.whitelistToken
FNDA:30,SwapRegistry.whitelistToken
DA:48,30
DA:49,30
DA:52,13
FN:52,SwapRegistry.createTokenSwapVault
FNDA:13,SwapRegistry.createTokenSwapVault
DA:60,13
BRDA:60,3,0,1
BRDA:60,3,1,12
DA:62,12
DA:64,12
DA:66,12
DA:69,12
DA:71,12
BRDA:71,4,0,1
BRDA:71,4,1,11
DA:74,11
BRDA:74,5,0,6
BRDA:74,5,1,3
DA:75,6
BRDA:75,6,0,1
BRDA:75,6,1,5
DA:77,5
BRDA:77,7,0,2
BRDA:77,7,1,3
DA:80,8
DA:81,8
DA:82,8
DA:84,8
DA:86,8
DA:89,18
FN:89,SwapRegistry.getTokenVaultAddress
FNDA:18,SwapRegistry.getTokenVaultAddress
DA:97,13
BRDA:97,8,0,1
BRDA:97,8,1,12
DA:99,12
DA:104,12
BRDA:104,9,0,1
BRDA:104,9,1,11
DA:106,11
DA:109,24
FN:109,SwapRegistry._getAbiEncodedTokenVaultArgs
FNDA:24,SwapRegistry._getAbiEncodedTokenVaultArgs
DA:116,24
DA:119,24
FN:119,SwapRegistry._getSaltForTokenVault
FNDA:24,SwapRegistry._getSaltForTokenVault
DA:126,24
FNF:7
FNH:7
LF:33
LH:33
BRF:20
BRH:17
end_of_record
TN:
SF:src/TokenDepositVault.sol
DA:22,12
FN:22,TokenDepositVault.constructor
FNDA:12,TokenDepositVault.constructor
DA:23,12
DA:26,8
FN:26,TokenDepositVault.initialize
FNDA:8,TokenDepositVault.initialize
DA:27,8
DA:30,4
FN:30,TokenDepositVault.withdraw
FNDA:4,TokenDepositVault.withdraw
DA:31,4
DA:33,4
BRDA:33,0,0,1
BRDA:33,0,1,3
DA:35,3
BRDA:35,1,0,2
BRDA:35,1,1,1
DA:36,2
DA:37,2
BRDA:37,2,0,1
BRDA:37,2,1,1
DA:39,1
DA:42,2
DA:45,4
FN:45,TokenDepositVault.cancelSwap
FNDA:4,TokenDepositVault.cancelSwap
DA:46,4
DA:48,4
BRDA:48,3,0,1
BRDA:48,3,1,3
DA:50,3
BRDA:50,4,0,2
BRDA:50,4,1,1
DA:51,2
DA:52,2
BRDA:52,5,0,1
BRDA:52,5,1,1
DA:54,1
DA:57,2
DA:60,8
FN:60,TokenDepositVault.getSwapParameters
FNDA:8,TokenDepositVault.getSwapParameters
DA:61,8
DA:62,8
FNF:5
FNH:5
LF:23
LH:23
BRF:12
BRH:12
end_of_record
TN:
SF:test/Escrow.t.sol
DA:10,24
FN:10,ERC20Impl.constructor
FNDA:24,ERC20Impl.constructor
DA:11,24
FNF:1
FNH:1
LF:2
LH:2
BRF:0
BRH:0
end_of_record
